  addressbook.pb.cc
c:\users\0aqz0\myproject\vcpkg\installed\x86-windows\include\google\protobuf\stubs\logging.h(100): warning C4251: “google::protobuf::internal::LogMessage::message_”: class“std::basic_string<char,std::char_traits<char>,std::allocator<char>>”需要有 dll 接口由 class“google::protobuf::internal::LogMessage”的客户端使用
  c:\program files (x86)\microsoft visual studio 14.0\vc\include\xstring(2633): note: 参见“std::basic_string<char,std::char_traits<char>,std::allocator<char>>”的声明
c:\users\0aqz0\myproject\vcpkg\installed\x86-windows\include\google\protobuf\stubs\mutex.h(58): warning C4251: “google::protobuf::internal::WrappedMutex::mu_”: class“std::mutex”需要有 dll 接口由 class“google::protobuf::internal::WrappedMutex”的客户端使用
  c:\program files (x86)\microsoft visual studio 14.0\vc\include\mutex(78): note: 参见“std::mutex”的声明
c:\users\0aqz0\myproject\vcpkg\installed\x86-windows\include\google\protobuf\io\coded_stream.h(867): warning C4251: “google::protobuf::io::CodedOutputStream::default_serialization_deterministic_”: struct“std::atomic<bool>”需要有 dll 接口由 class“google::protobuf::io::CodedOutputStream”的客户端使用
  c:\program files (x86)\microsoft visual studio 14.0\vc\include\xxatomic(180): note: 参见“std::atomic<bool>”的声明
c:\users\0aqz0\myproject\vcpkg\installed\x86-windows\include\google\protobuf\arena_impl.h(249): warning C4251: “google::protobuf::internal::ArenaImpl::lifecycle_id_generator_”: struct“std::atomic<__int64>”需要有 dll 接口由 class“google::protobuf::internal::ArenaImpl”的客户端使用
  c:\program files (x86)\microsoft visual studio 14.0\vc\include\xxatomic(180): note: 参见“std::atomic<__int64>”的声明
c:\users\0aqz0\myproject\vcpkg\installed\x86-windows\include\google\protobuf\arena_impl.h(284): warning C4251: “google::protobuf::internal::ArenaImpl::threads_”: struct“std::atomic<google::protobuf::internal::ArenaImpl::SerialArena *>”需要有 dll 接口由 class“google::protobuf::internal::ArenaImpl”的客户端使用
  c:\users\0aqz0\myproject\vcpkg\installed\x86-windows\include\google\protobuf\arena_impl.h(283): note: 参见“std::atomic<google::protobuf::internal::ArenaImpl::SerialArena *>”的声明
c:\users\0aqz0\myproject\vcpkg\installed\x86-windows\include\google\protobuf\arena_impl.h(285): warning C4251: “google::protobuf::internal::ArenaImpl::hint_”: struct“std::atomic<google::protobuf::internal::ArenaImpl::SerialArena *>”需要有 dll 接口由 class“google::protobuf::internal::ArenaImpl”的客户端使用
  c:\users\0aqz0\myproject\vcpkg\installed\x86-windows\include\google\protobuf\arena_impl.h(283): note: 参见“std::atomic<google::protobuf::internal::ArenaImpl::SerialArena *>”的声明
c:\users\0aqz0\myproject\vcpkg\installed\x86-windows\include\google\protobuf\arena_impl.h(286): warning C4251: “google::protobuf::internal::ArenaImpl::space_allocated_”: struct“std::atomic<unsigned int>”需要有 dll 接口由 class“google::protobuf::internal::ArenaImpl”的客户端使用
  c:\program files (x86)\microsoft visual studio 14.0\vc\include\xxatomic(180): note: 参见“std::atomic<unsigned int>”的声明
c:\users\0aqz0\myproject\vcpkg\installed\x86-windows\include\google\protobuf\arena_impl.h(298): warning C4251: “google::protobuf::internal::ArenaImpl::options_”: struct“google::protobuf::internal::ArenaImpl::Options”需要有 dll 接口由 class“google::protobuf::internal::ArenaImpl”的客户端使用
  c:\users\0aqz0\myproject\vcpkg\installed\x86-windows\include\google\protobuf\arena_impl.h(66): note: 参见“google::protobuf::internal::ArenaImpl::Options”的声明
c:\users\0aqz0\myproject\vcpkg\installed\x86-windows\include\google\protobuf\implicit_weak_message.h(86): warning C4251: “google::protobuf::internal::ImplicitWeakMessage::data_”: class“std::basic_string<char,std::char_traits<char>,std::allocator<char>>”需要有 dll 接口由 class“google::protobuf::internal::ImplicitWeakMessage”的客户端使用
  c:\program files (x86)\microsoft visual studio 14.0\vc\include\xstring(2633): note: 参见“std::basic_string<char,std::char_traits<char>,std::allocator<char>>”的声明
c:\users\0aqz0\myproject\vcpkg\installed\x86-windows\include\google\protobuf\generated_message_util.h(330): warning C4251: “google::protobuf::internal::CachedSize::size_”: struct“std::atomic<int>”需要有 dll 接口由 class“google::protobuf::internal::CachedSize”的客户端使用
  c:\program files (x86)\microsoft visual studio 14.0\vc\include\xxatomic(180): note: 参见“std::atomic<int>”的声明
c:\users\0aqz0\myproject\vcpkg\installed\x86-windows\include\google\protobuf\inlined_string_field.h(166): warning C4251: “google::protobuf::internal::InlinedStringField::value_”: class“std::basic_string<char,std::char_traits<char>,std::allocator<char>>”需要有 dll 接口由 class“google::protobuf::internal::InlinedStringField”的客户端使用
  c:\program files (x86)\microsoft visual studio 14.0\vc\include\xstring(2633): note: 参见“std::basic_string<char,std::char_traits<char>,std::allocator<char>>”的声明
c:\users\0aqz0\myproject\vcpkg\installed\x86-windows\include\google\protobuf\metadata_lite.h(217): warning C4251: “google::protobuf::internal::LiteUnknownFieldSetter::buffer_”: class“std::basic_string<char,std::char_traits<char>,std::allocator<char>>”需要有 dll 接口由 class“google::protobuf::internal::LiteUnknownFieldSetter”的客户端使用
  c:\program files (x86)\microsoft visual studio 14.0\vc\include\xstring(2633): note: 参见“std::basic_string<char,std::char_traits<char>,std::allocator<char>>”的声明
c:\users\0aqz0\myproject\vcpkg\installed\x86-windows\include\google\protobuf\descriptor.h(1806): warning C4251: “google::protobuf::DescriptorPool::tables_”: class“std::unique_ptr<google::protobuf::DescriptorPool::Tables,std::default_delete<_Ty>>”需要有 dll 接口由 class“google::protobuf::DescriptorPool”的客户端使用
          with
          [
              _Ty=google::protobuf::DescriptorPool::Tables
          ]
  c:\users\0aqz0\myproject\vcpkg\installed\x86-windows\include\google\protobuf\descriptor.h(1806): note: 参见“std::unique_ptr<google::protobuf::DescriptorPool::Tables,std::default_delete<_Ty>>”的声明
          with
          [
              _Ty=google::protobuf::DescriptorPool::Tables
          ]
c:\users\0aqz0\myproject\vcpkg\installed\x86-windows\include\google\protobuf\descriptor.h(1813): warning C4251: “google::protobuf::DescriptorPool::unused_import_track_files_”: class“std::set<std::string,std::less<_Kty>,std::allocator<_Ty>>”需要有 dll 接口由 class“google::protobuf::DescriptorPool”的客户端使用
          with
          [
              _Kty=std::string,
              _Ty=std::string
          ]
  c:\users\0aqz0\myproject\vcpkg\installed\x86-windows\include\google\protobuf\descriptor.h(1813): note: 参见“std::set<std::string,std::less<_Kty>,std::allocator<_Ty>>”的声明
          with
          [
              _Kty=std::string,
              _Ty=std::string
          ]
c:\users\0aqz0\myproject\vcpkg\installed\x86-windows\include\google\protobuf\extension_set.h(887): warning C4251: “google::protobuf::internal::RepeatedPrimitiveDefaults::default_repeated_field_int32_”: class“google::protobuf::RepeatedField<int>”需要有 dll 接口由 class“google::protobuf::internal::RepeatedPrimitiveDefaults”的客户端使用
  c:\users\0aqz0\myproject\vcpkg\installed\x86-windows\include\google\protobuf\wire_format_lite.h(319): note: 参见“google::protobuf::RepeatedField<int>”的声明
c:\users\0aqz0\myproject\vcpkg\installed\x86-windows\include\google\protobuf\extension_set.h(888): warning C4251: “google::protobuf::internal::RepeatedPrimitiveDefaults::default_repeated_field_int64_”: class“google::protobuf::RepeatedField<google::protobuf::int64>”需要有 dll 接口由 class“google::protobuf::internal::RepeatedPrimitiveDefaults”的客户端使用
  c:\users\0aqz0\myproject\vcpkg\installed\x86-windows\include\google\protobuf\wire_format_lite.h(509): note: 参见“google::protobuf::RepeatedField<google::protobuf::int64>”的声明
c:\users\0aqz0\myproject\vcpkg\installed\x86-windows\include\google\protobuf\extension_set.h(889): warning C4251: “google::protobuf::internal::RepeatedPrimitiveDefaults::default_repeated_field_uint32_”: class“google::protobuf::RepeatedField<google::protobuf::uint32>”需要有 dll 接口由 class“google::protobuf::internal::RepeatedPrimitiveDefaults”的客户端使用
  c:\users\0aqz0\myproject\vcpkg\installed\x86-windows\include\google\protobuf\wire_format_lite.h(511): note: 参见“google::protobuf::RepeatedField<google::protobuf::uint32>”的声明
c:\users\0aqz0\myproject\vcpkg\installed\x86-windows\include\google\protobuf\extension_set.h(890): warning C4251: “google::protobuf::internal::RepeatedPrimitiveDefaults::default_repeated_field_uint64_”: class“google::protobuf::RepeatedField<google::protobuf::uint64>”需要有 dll 接口由 class“google::protobuf::internal::RepeatedPrimitiveDefaults”的客户端使用
  c:\users\0aqz0\myproject\vcpkg\installed\x86-windows\include\google\protobuf\wire_format_lite.h(513): note: 参见“google::protobuf::RepeatedField<google::protobuf::uint64>”的声明
c:\users\0aqz0\myproject\vcpkg\installed\x86-windows\include\google\protobuf\extension_set.h(891): warning C4251: “google::protobuf::internal::RepeatedPrimitiveDefaults::default_repeated_field_double_”: class“google::protobuf::RepeatedField<double>”需要有 dll 接口由 class“google::protobuf::internal::RepeatedPrimitiveDefaults”的客户端使用
  c:\users\0aqz0\myproject\vcpkg\installed\x86-windows\include\google\protobuf\wire_format_lite.h(529): note: 参见“google::protobuf::RepeatedField<double>”的声明
c:\users\0aqz0\myproject\vcpkg\installed\x86-windows\include\google\protobuf\extension_set.h(892): warning C4251: “google::protobuf::internal::RepeatedPrimitiveDefaults::default_repeated_field_float_”: class“google::protobuf::RepeatedField<float>”需要有 dll 接口由 class“google::protobuf::internal::RepeatedPrimitiveDefaults”的客户端使用
  c:\users\0aqz0\myproject\vcpkg\installed\x86-windows\include\google\protobuf\wire_format_lite.h(527): note: 参见“google::protobuf::RepeatedField<float>”的声明
c:\users\0aqz0\myproject\vcpkg\installed\x86-windows\include\google\protobuf\extension_set.h(893): warning C4251: “google::protobuf::internal::RepeatedPrimitiveDefaults::default_repeated_field_bool_”: class“google::protobuf::RepeatedField<bool>”需要有 dll 接口由 class“google::protobuf::internal::RepeatedPrimitiveDefaults”的客户端使用
  c:\users\0aqz0\myproject\vcpkg\installed\x86-windows\include\google\protobuf\wire_format_lite.h(531): note: 参见“google::protobuf::RepeatedField<bool>”的声明
  protobufDemo.cpp
c:\users\0aqz0\myproject\vcpkg\installed\x86-windows\include\google\protobuf\stubs\logging.h(100): warning C4251: “google::protobuf::internal::LogMessage::message_”: class“std::basic_string<char,std::char_traits<char>,std::allocator<char>>”需要有 dll 接口由 class“google::protobuf::internal::LogMessage”的客户端使用
  c:\program files (x86)\microsoft visual studio 14.0\vc\include\xstring(2633): note: 参见“std::basic_string<char,std::char_traits<char>,std::allocator<char>>”的声明
c:\users\0aqz0\myproject\vcpkg\installed\x86-windows\include\google\protobuf\stubs\mutex.h(58): warning C4251: “google::protobuf::internal::WrappedMutex::mu_”: class“std::mutex”需要有 dll 接口由 class“google::protobuf::internal::WrappedMutex”的客户端使用
  c:\program files (x86)\microsoft visual studio 14.0\vc\include\mutex(78): note: 参见“std::mutex”的声明
c:\users\0aqz0\myproject\vcpkg\installed\x86-windows\include\google\protobuf\io\coded_stream.h(867): warning C4251: “google::protobuf::io::CodedOutputStream::default_serialization_deterministic_”: struct“std::atomic<bool>”需要有 dll 接口由 class“google::protobuf::io::CodedOutputStream”的客户端使用
  c:\program files (x86)\microsoft visual studio 14.0\vc\include\xxatomic(180): note: 参见“std::atomic<bool>”的声明
c:\users\0aqz0\myproject\vcpkg\installed\x86-windows\include\google\protobuf\arena_impl.h(249): warning C4251: “google::protobuf::internal::ArenaImpl::lifecycle_id_generator_”: struct“std::atomic<__int64>”需要有 dll 接口由 class“google::protobuf::internal::ArenaImpl”的客户端使用
  c:\program files (x86)\microsoft visual studio 14.0\vc\include\xxatomic(180): note: 参见“std::atomic<__int64>”的声明
c:\users\0aqz0\myproject\vcpkg\installed\x86-windows\include\google\protobuf\arena_impl.h(284): warning C4251: “google::protobuf::internal::ArenaImpl::threads_”: struct“std::atomic<google::protobuf::internal::ArenaImpl::SerialArena *>”需要有 dll 接口由 class“google::protobuf::internal::ArenaImpl”的客户端使用
  c:\users\0aqz0\myproject\vcpkg\installed\x86-windows\include\google\protobuf\arena_impl.h(283): note: 参见“std::atomic<google::protobuf::internal::ArenaImpl::SerialArena *>”的声明
c:\users\0aqz0\myproject\vcpkg\installed\x86-windows\include\google\protobuf\arena_impl.h(285): warning C4251: “google::protobuf::internal::ArenaImpl::hint_”: struct“std::atomic<google::protobuf::internal::ArenaImpl::SerialArena *>”需要有 dll 接口由 class“google::protobuf::internal::ArenaImpl”的客户端使用
  c:\users\0aqz0\myproject\vcpkg\installed\x86-windows\include\google\protobuf\arena_impl.h(283): note: 参见“std::atomic<google::protobuf::internal::ArenaImpl::SerialArena *>”的声明
c:\users\0aqz0\myproject\vcpkg\installed\x86-windows\include\google\protobuf\arena_impl.h(286): warning C4251: “google::protobuf::internal::ArenaImpl::space_allocated_”: struct“std::atomic<unsigned int>”需要有 dll 接口由 class“google::protobuf::internal::ArenaImpl”的客户端使用
  c:\program files (x86)\microsoft visual studio 14.0\vc\include\xxatomic(180): note: 参见“std::atomic<unsigned int>”的声明
c:\users\0aqz0\myproject\vcpkg\installed\x86-windows\include\google\protobuf\arena_impl.h(298): warning C4251: “google::protobuf::internal::ArenaImpl::options_”: struct“google::protobuf::internal::ArenaImpl::Options”需要有 dll 接口由 class“google::protobuf::internal::ArenaImpl”的客户端使用
  c:\users\0aqz0\myproject\vcpkg\installed\x86-windows\include\google\protobuf\arena_impl.h(66): note: 参见“google::protobuf::internal::ArenaImpl::Options”的声明
c:\users\0aqz0\myproject\vcpkg\installed\x86-windows\include\google\protobuf\implicit_weak_message.h(86): warning C4251: “google::protobuf::internal::ImplicitWeakMessage::data_”: class“std::basic_string<char,std::char_traits<char>,std::allocator<char>>”需要有 dll 接口由 class“google::protobuf::internal::ImplicitWeakMessage”的客户端使用
  c:\program files (x86)\microsoft visual studio 14.0\vc\include\xstring(2633): note: 参见“std::basic_string<char,std::char_traits<char>,std::allocator<char>>”的声明
c:\users\0aqz0\myproject\vcpkg\installed\x86-windows\include\google\protobuf\generated_message_util.h(330): warning C4251: “google::protobuf::internal::CachedSize::size_”: struct“std::atomic<int>”需要有 dll 接口由 class“google::protobuf::internal::CachedSize”的客户端使用
  c:\program files (x86)\microsoft visual studio 14.0\vc\include\xxatomic(180): note: 参见“std::atomic<int>”的声明
c:\users\0aqz0\myproject\vcpkg\installed\x86-windows\include\google\protobuf\inlined_string_field.h(166): warning C4251: “google::protobuf::internal::InlinedStringField::value_”: class“std::basic_string<char,std::char_traits<char>,std::allocator<char>>”需要有 dll 接口由 class“google::protobuf::internal::InlinedStringField”的客户端使用
  c:\program files (x86)\microsoft visual studio 14.0\vc\include\xstring(2633): note: 参见“std::basic_string<char,std::char_traits<char>,std::allocator<char>>”的声明
c:\users\0aqz0\myproject\vcpkg\installed\x86-windows\include\google\protobuf\metadata_lite.h(217): warning C4251: “google::protobuf::internal::LiteUnknownFieldSetter::buffer_”: class“std::basic_string<char,std::char_traits<char>,std::allocator<char>>”需要有 dll 接口由 class“google::protobuf::internal::LiteUnknownFieldSetter”的客户端使用
  c:\program files (x86)\microsoft visual studio 14.0\vc\include\xstring(2633): note: 参见“std::basic_string<char,std::char_traits<char>,std::allocator<char>>”的声明
c:\users\0aqz0\myproject\vcpkg\installed\x86-windows\include\google\protobuf\descriptor.h(1806): warning C4251: “google::protobuf::DescriptorPool::tables_”: class“std::unique_ptr<google::protobuf::DescriptorPool::Tables,std::default_delete<_Ty>>”需要有 dll 接口由 class“google::protobuf::DescriptorPool”的客户端使用
          with
          [
              _Ty=google::protobuf::DescriptorPool::Tables
          ]
  c:\users\0aqz0\myproject\vcpkg\installed\x86-windows\include\google\protobuf\descriptor.h(1806): note: 参见“std::unique_ptr<google::protobuf::DescriptorPool::Tables,std::default_delete<_Ty>>”的声明
          with
          [
              _Ty=google::protobuf::DescriptorPool::Tables
          ]
c:\users\0aqz0\myproject\vcpkg\installed\x86-windows\include\google\protobuf\descriptor.h(1813): warning C4251: “google::protobuf::DescriptorPool::unused_import_track_files_”: class“std::set<std::string,std::less<_Kty>,std::allocator<_Ty>>”需要有 dll 接口由 class“google::protobuf::DescriptorPool”的客户端使用
          with
          [
              _Kty=std::string,
              _Ty=std::string
          ]
  c:\users\0aqz0\myproject\vcpkg\installed\x86-windows\include\google\protobuf\descriptor.h(1813): note: 参见“std::set<std::string,std::less<_Kty>,std::allocator<_Ty>>”的声明
          with
          [
              _Kty=std::string,
              _Ty=std::string
          ]
c:\users\0aqz0\myproject\vcpkg\installed\x86-windows\include\google\protobuf\extension_set.h(887): warning C4251: “google::protobuf::internal::RepeatedPrimitiveDefaults::default_repeated_field_int32_”: class“google::protobuf::RepeatedField<int>”需要有 dll 接口由 class“google::protobuf::internal::RepeatedPrimitiveDefaults”的客户端使用
  c:\users\0aqz0\myproject\vcpkg\installed\x86-windows\include\google\protobuf\wire_format_lite.h(319): note: 参见“google::protobuf::RepeatedField<int>”的声明
c:\users\0aqz0\myproject\vcpkg\installed\x86-windows\include\google\protobuf\extension_set.h(888): warning C4251: “google::protobuf::internal::RepeatedPrimitiveDefaults::default_repeated_field_int64_”: class“google::protobuf::RepeatedField<google::protobuf::int64>”需要有 dll 接口由 class“google::protobuf::internal::RepeatedPrimitiveDefaults”的客户端使用
  c:\users\0aqz0\myproject\vcpkg\installed\x86-windows\include\google\protobuf\wire_format_lite.h(509): note: 参见“google::protobuf::RepeatedField<google::protobuf::int64>”的声明
c:\users\0aqz0\myproject\vcpkg\installed\x86-windows\include\google\protobuf\extension_set.h(889): warning C4251: “google::protobuf::internal::RepeatedPrimitiveDefaults::default_repeated_field_uint32_”: class“google::protobuf::RepeatedField<google::protobuf::uint32>”需要有 dll 接口由 class“google::protobuf::internal::RepeatedPrimitiveDefaults”的客户端使用
  c:\users\0aqz0\myproject\vcpkg\installed\x86-windows\include\google\protobuf\wire_format_lite.h(511): note: 参见“google::protobuf::RepeatedField<google::protobuf::uint32>”的声明
c:\users\0aqz0\myproject\vcpkg\installed\x86-windows\include\google\protobuf\extension_set.h(890): warning C4251: “google::protobuf::internal::RepeatedPrimitiveDefaults::default_repeated_field_uint64_”: class“google::protobuf::RepeatedField<google::protobuf::uint64>”需要有 dll 接口由 class“google::protobuf::internal::RepeatedPrimitiveDefaults”的客户端使用
  c:\users\0aqz0\myproject\vcpkg\installed\x86-windows\include\google\protobuf\wire_format_lite.h(513): note: 参见“google::protobuf::RepeatedField<google::protobuf::uint64>”的声明
c:\users\0aqz0\myproject\vcpkg\installed\x86-windows\include\google\protobuf\extension_set.h(891): warning C4251: “google::protobuf::internal::RepeatedPrimitiveDefaults::default_repeated_field_double_”: class“google::protobuf::RepeatedField<double>”需要有 dll 接口由 class“google::protobuf::internal::RepeatedPrimitiveDefaults”的客户端使用
  c:\users\0aqz0\myproject\vcpkg\installed\x86-windows\include\google\protobuf\wire_format_lite.h(529): note: 参见“google::protobuf::RepeatedField<double>”的声明
c:\users\0aqz0\myproject\vcpkg\installed\x86-windows\include\google\protobuf\extension_set.h(892): warning C4251: “google::protobuf::internal::RepeatedPrimitiveDefaults::default_repeated_field_float_”: class“google::protobuf::RepeatedField<float>”需要有 dll 接口由 class“google::protobuf::internal::RepeatedPrimitiveDefaults”的客户端使用
  c:\users\0aqz0\myproject\vcpkg\installed\x86-windows\include\google\protobuf\wire_format_lite.h(527): note: 参见“google::protobuf::RepeatedField<float>”的声明
c:\users\0aqz0\myproject\vcpkg\installed\x86-windows\include\google\protobuf\extension_set.h(893): warning C4251: “google::protobuf::internal::RepeatedPrimitiveDefaults::default_repeated_field_bool_”: class“google::protobuf::RepeatedField<bool>”需要有 dll 接口由 class“google::protobuf::internal::RepeatedPrimitiveDefaults”的客户端使用
  c:\users\0aqz0\myproject\vcpkg\installed\x86-windows\include\google\protobuf\wire_format_lite.h(531): note: 参见“google::protobuf::RepeatedField<bool>”的声明
  正在生成代码...
  protobufDemo.vcxproj -> C:\Users\0AQZ0\Documents\ExerciseCode\C++\vs\protobufDemo\Debug\protobufDemo.exe
  protobufDemo.vcxproj -> C:\Users\0AQZ0\Documents\ExerciseCode\C++\vs\protobufDemo\Debug\protobufDemo.pdb (Full PDB)
